[INFO] Scanning for projects...
[INFO] ------------------------------------------------------------------------
[INFO] Reactor Build Order:
[INFO] 
[INFO] dubbo-demo                                                         [pom]
[INFO] dubbo-demo-api                                                     [jar]
[INFO] dubbo-demo-interface                                               [jar]
[INFO] dubbo-demo-provider                                                [jar]
[INFO] dubbo-demo-consumer                                                [jar]
[INFO] 
[INFO] -----------------------< cn.chaseshu:dubbo-demo >-----------------------
[INFO] Building dubbo-demo 1.0                                            [1/5]
[INFO] --------------------------------[ pom ]---------------------------------
[INFO] 
[INFO] --- maven-dependency-plugin:2.8:tree (default-cli) @ dubbo-demo ---
[INFO] cn.chaseshu:dubbo-demo:pom:1.0
[INFO] +- org.springframework.boot:spring-boot-autoconfigure:jar:2.2.6.RELEASE:compile
[INFO] |  \- org.springframework.boot:spring-boot:jar:2.2.6.RELEASE:compile
[INFO] |     \- org.springframework:spring-context:jar:5.2.5.RELEASE:compile
[INFO] |        +- org.springframework:spring-aop:jar:5.2.5.RELEASE:compile
[INFO] |        \- org.springframework:spring-expression:jar:5.2.5.RELEASE:compile
[INFO] +- org.springframework:spring-web:jar:5.2.5.RELEASE:compile
[INFO] |  +- org.springframework:spring-beans:jar:5.2.5.RELEASE:compile
[INFO] |  \- org.springframework:spring-core:jar:5.2.5.RELEASE:compile
[INFO] |     \- org.springframework:spring-jcl:jar:5.2.5.RELEASE:compile
[INFO] +- org.springframework.boot:spring-boot-test:jar:2.2.6.RELEASE:test
[INFO] +- junit:junit:jar:4.12:test
[INFO] |  \- org.hamcrest:hamcrest-core:jar:2.1:test
[INFO] +- org.projectlombok:lombok:jar:1.18.8:provided
[INFO] +- org.springframework.boot:spring-boot-devtools:jar:2.2.6.RELEASE:compile
[INFO] +- org.springframework.boot:spring-boot-configuration-processor:jar:2.2.6.RELEASE:compile
[INFO] \- org.springframework.boot:spring-boot-starter-test:jar:2.2.6.RELEASE:test
[INFO]    +- org.springframework.boot:spring-boot-starter:jar:2.2.6.RELEASE:test
[INFO]    |  +- org.springframework.boot:spring-boot-starter-logging:jar:2.2.6.RELEASE:test
[INFO]    |  |  +- ch.qos.logback:logback-classic:jar:1.2.3:test
[INFO]    |  |  |  \- ch.qos.logback:logback-core:jar:1.2.3:test
[INFO]    |  |  +- org.apache.logging.log4j:log4j-to-slf4j:jar:2.12.1:test
[INFO]    |  |  |  \- org.apache.logging.log4j:log4j-api:jar:2.12.1:test
[INFO]    |  |  \- org.slf4j:jul-to-slf4j:jar:1.7.30:test
[INFO]    |  +- jakarta.annotation:jakarta.annotation-api:jar:1.3.5:test
[INFO]    |  \- org.yaml:snakeyaml:jar:1.25:test
[INFO]    +- org.springframework.boot:spring-boot-test-autoconfigure:jar:2.2.6.RELEASE:test
[INFO]    +- com.jayway.jsonpath:json-path:jar:2.4.0:test
[INFO]    |  +- net.minidev:json-smart:jar:2.3:test
[INFO]    |  |  \- net.minidev:accessors-smart:jar:1.2:test
[INFO]    |  |     \- org.ow2.asm:asm:jar:5.0.4:test
[INFO]    |  \- org.slf4j:slf4j-api:jar:1.7.30:test
[INFO]    +- jakarta.xml.bind:jakarta.xml.bind-api:jar:2.3.3:test
[INFO]    |  \- jakarta.activation:jakarta.activation-api:jar:1.2.2:test
[INFO]    +- org.junit.jupiter:junit-jupiter:jar:5.5.2:test
[INFO]    |  +- org.junit.jupiter:junit-jupiter-api:jar:5.5.2:test
[INFO]    |  |  +- org.opentest4j:opentest4j:jar:1.2.0:test
[INFO]    |  |  \- org.junit.platform:junit-platform-commons:jar:1.5.2:test
[INFO]    |  +- org.junit.jupiter:junit-jupiter-params:jar:5.5.2:test
[INFO]    |  \- org.junit.jupiter:junit-jupiter-engine:jar:5.5.2:test
[INFO]    +- org.junit.vintage:junit-vintage-engine:jar:5.5.2:test
[INFO]    |  +- org.apiguardian:apiguardian-api:jar:1.1.0:test
[INFO]    |  \- org.junit.platform:junit-platform-engine:jar:1.5.2:test
[INFO]    +- org.mockito:mockito-junit-jupiter:jar:3.1.0:test
[INFO]    +- org.assertj:assertj-core:jar:3.13.2:test
[INFO]    +- org.hamcrest:hamcrest:jar:2.1:test
[INFO]    +- org.mockito:mockito-core:jar:3.1.0:test
[INFO]    |  +- net.bytebuddy:byte-buddy:jar:1.10.8:test
[INFO]    |  +- net.bytebuddy:byte-buddy-agent:jar:1.10.8:test
[INFO]    |  \- org.objenesis:objenesis:jar:2.6:test
[INFO]    +- org.skyscreamer:jsonassert:jar:1.5.0:test
[INFO]    +- org.springframework:spring-test:jar:5.2.5.RELEASE:test
[INFO]    \- org.xmlunit:xmlunit-core:jar:2.6.4:test
[INFO] 
[INFO] ---------------------< cn.chaseshu:dubbo-demo-api >---------------------
[INFO] Building dubbo-demo-api 1.0                                        [2/5]
[INFO] --------------------------------[ jar ]---------------------------------
[INFO] 
[INFO] --- maven-dependency-plugin:2.8:tree (default-cli) @ dubbo-demo-api ---
[INFO] cn.chaseshu:dubbo-demo-api:jar:1.0
[INFO] +- org.springframework.boot:spring-boot-autoconfigure:jar:2.2.6.RELEASE:compile
[INFO] |  \- org.springframework.boot:spring-boot:jar:2.2.6.RELEASE:compile
[INFO] |     \- org.springframework:spring-context:jar:5.2.5.RELEASE:compile
[INFO] |        +- org.springframework:spring-aop:jar:5.2.5.RELEASE:compile
[INFO] |        \- org.springframework:spring-expression:jar:5.2.5.RELEASE:compile
[INFO] +- org.springframework:spring-web:jar:5.2.5.RELEASE:compile
[INFO] |  +- org.springframework:spring-beans:jar:5.2.5.RELEASE:compile
[INFO] |  \- org.springframework:spring-core:jar:5.2.5.RELEASE:compile
[INFO] |     \- org.springframework:spring-jcl:jar:5.2.5.RELEASE:compile
[INFO] +- org.springframework.boot:spring-boot-test:jar:2.2.6.RELEASE:test
[INFO] +- junit:junit:jar:4.12:test
[INFO] |  \- org.hamcrest:hamcrest-core:jar:2.1:test
[INFO] +- org.projectlombok:lombok:jar:1.18.8:provided
[INFO] +- org.springframework.boot:spring-boot-devtools:jar:2.2.6.RELEASE:compile
[INFO] +- org.springframework.boot:spring-boot-configuration-processor:jar:2.2.6.RELEASE:compile
[INFO] \- org.springframework.boot:spring-boot-starter-test:jar:2.2.6.RELEASE:test
[INFO]    +- org.springframework.boot:spring-boot-starter:jar:2.2.6.RELEASE:test
[INFO]    |  +- org.springframework.boot:spring-boot-starter-logging:jar:2.2.6.RELEASE:test
[INFO]    |  |  +- ch.qos.logback:logback-classic:jar:1.2.3:test
[INFO]    |  |  |  \- ch.qos.logback:logback-core:jar:1.2.3:test
[INFO]    |  |  +- org.apache.logging.log4j:log4j-to-slf4j:jar:2.12.1:test
[INFO]    |  |  |  \- org.apache.logging.log4j:log4j-api:jar:2.12.1:test
[INFO]    |  |  \- org.slf4j:jul-to-slf4j:jar:1.7.30:test
[INFO]    |  +- jakarta.annotation:jakarta.annotation-api:jar:1.3.5:test
[INFO]    |  \- org.yaml:snakeyaml:jar:1.25:test
[INFO]    +- org.springframework.boot:spring-boot-test-autoconfigure:jar:2.2.6.RELEASE:test
[INFO]    +- com.jayway.jsonpath:json-path:jar:2.4.0:test
[INFO]    |  +- net.minidev:json-smart:jar:2.3:test
[INFO]    |  |  \- net.minidev:accessors-smart:jar:1.2:test
[INFO]    |  |     \- org.ow2.asm:asm:jar:5.0.4:test
[INFO]    |  \- org.slf4j:slf4j-api:jar:1.7.30:test
[INFO]    +- jakarta.xml.bind:jakarta.xml.bind-api:jar:2.3.3:test
[INFO]    |  \- jakarta.activation:jakarta.activation-api:jar:1.2.2:test
[INFO]    +- org.junit.jupiter:junit-jupiter:jar:5.5.2:test
[INFO]    |  +- org.junit.jupiter:junit-jupiter-api:jar:5.5.2:test
[INFO]    |  |  +- org.opentest4j:opentest4j:jar:1.2.0:test
[INFO]    |  |  \- org.junit.platform:junit-platform-commons:jar:1.5.2:test
[INFO]    |  +- org.junit.jupiter:junit-jupiter-params:jar:5.5.2:test
[INFO]    |  \- org.junit.jupiter:junit-jupiter-engine:jar:5.5.2:test
[INFO]    +- org.junit.vintage:junit-vintage-engine:jar:5.5.2:test
[INFO]    |  +- org.apiguardian:apiguardian-api:jar:1.1.0:test
[INFO]    |  \- org.junit.platform:junit-platform-engine:jar:1.5.2:test
[INFO]    +- org.mockito:mockito-junit-jupiter:jar:3.1.0:test
[INFO]    +- org.assertj:assertj-core:jar:3.13.2:test
[INFO]    +- org.hamcrest:hamcrest:jar:2.1:test
[INFO]    +- org.mockito:mockito-core:jar:3.1.0:test
[INFO]    |  +- net.bytebuddy:byte-buddy:jar:1.10.8:test
[INFO]    |  +- net.bytebuddy:byte-buddy-agent:jar:1.10.8:test
[INFO]    |  \- org.objenesis:objenesis:jar:2.6:test
[INFO]    +- org.skyscreamer:jsonassert:jar:1.5.0:test
[INFO]    +- org.springframework:spring-test:jar:5.2.5.RELEASE:test
[INFO]    \- org.xmlunit:xmlunit-core:jar:2.6.4:test
[INFO] 
[INFO] ------------------< cn.chaseshu:dubbo-demo-interface >------------------
[INFO] Building dubbo-demo-interface 1.0                                  [3/5]
[INFO] --------------------------------[ jar ]---------------------------------
[INFO] 
[INFO] --- maven-dependency-plugin:2.8:tree (default-cli) @ dubbo-demo-interface ---
[INFO] cn.chaseshu:dubbo-demo-interface:jar:1.0
[INFO] +- org.springframework.boot:spring-boot-autoconfigure:jar:2.2.6.RELEASE:compile
[INFO] |  \- org.springframework.boot:spring-boot:jar:2.2.6.RELEASE:compile
[INFO] |     \- org.springframework:spring-context:jar:5.2.5.RELEASE:compile
[INFO] |        +- org.springframework:spring-aop:jar:5.2.5.RELEASE:compile
[INFO] |        \- org.springframework:spring-expression:jar:5.2.5.RELEASE:compile
[INFO] +- org.springframework:spring-web:jar:5.2.5.RELEASE:compile
[INFO] |  +- org.springframework:spring-beans:jar:5.2.5.RELEASE:compile
[INFO] |  \- org.springframework:spring-core:jar:5.2.5.RELEASE:compile
[INFO] |     \- org.springframework:spring-jcl:jar:5.2.5.RELEASE:compile
[INFO] +- org.springframework.boot:spring-boot-test:jar:2.2.6.RELEASE:test
[INFO] +- junit:junit:jar:4.12:test
[INFO] |  \- org.hamcrest:hamcrest-core:jar:2.1:test
[INFO] +- org.projectlombok:lombok:jar:1.18.8:provided
[INFO] +- org.springframework.boot:spring-boot-devtools:jar:2.2.6.RELEASE:compile
[INFO] +- org.springframework.boot:spring-boot-configuration-processor:jar:2.2.6.RELEASE:compile
[INFO] \- org.springframework.boot:spring-boot-starter-test:jar:2.2.6.RELEASE:test
[INFO]    +- org.springframework.boot:spring-boot-starter:jar:2.2.6.RELEASE:test
[INFO]    |  +- org.springframework.boot:spring-boot-starter-logging:jar:2.2.6.RELEASE:test
[INFO]    |  |  +- ch.qos.logback:logback-classic:jar:1.2.3:test
[INFO]    |  |  |  \- ch.qos.logback:logback-core:jar:1.2.3:test
[INFO]    |  |  +- org.apache.logging.log4j:log4j-to-slf4j:jar:2.12.1:test
[INFO]    |  |  |  \- org.apache.logging.log4j:log4j-api:jar:2.12.1:test
[INFO]    |  |  \- org.slf4j:jul-to-slf4j:jar:1.7.30:test
[INFO]    |  +- jakarta.annotation:jakarta.annotation-api:jar:1.3.5:test
[INFO]    |  \- org.yaml:snakeyaml:jar:1.25:test
[INFO]    +- org.springframework.boot:spring-boot-test-autoconfigure:jar:2.2.6.RELEASE:test
[INFO]    +- com.jayway.jsonpath:json-path:jar:2.4.0:test
[INFO]    |  +- net.minidev:json-smart:jar:2.3:test
[INFO]    |  |  \- net.minidev:accessors-smart:jar:1.2:test
[INFO]    |  |     \- org.ow2.asm:asm:jar:5.0.4:test
[INFO]    |  \- org.slf4j:slf4j-api:jar:1.7.30:test
[INFO]    +- jakarta.xml.bind:jakarta.xml.bind-api:jar:2.3.3:test
[INFO]    |  \- jakarta.activation:jakarta.activation-api:jar:1.2.2:test
[INFO]    +- org.junit.jupiter:junit-jupiter:jar:5.5.2:test
[INFO]    |  +- org.junit.jupiter:junit-jupiter-api:jar:5.5.2:test
[INFO]    |  |  +- org.opentest4j:opentest4j:jar:1.2.0:test
[INFO]    |  |  \- org.junit.platform:junit-platform-commons:jar:1.5.2:test
[INFO]    |  +- org.junit.jupiter:junit-jupiter-params:jar:5.5.2:test
[INFO]    |  \- org.junit.jupiter:junit-jupiter-engine:jar:5.5.2:test
[INFO]    +- org.junit.vintage:junit-vintage-engine:jar:5.5.2:test
[INFO]    |  +- org.apiguardian:apiguardian-api:jar:1.1.0:test
[INFO]    |  \- org.junit.platform:junit-platform-engine:jar:1.5.2:test
[INFO]    +- org.mockito:mockito-junit-jupiter:jar:3.1.0:test
[INFO]    +- org.assertj:assertj-core:jar:3.13.2:test
[INFO]    +- org.hamcrest:hamcrest:jar:2.1:test
[INFO]    +- org.mockito:mockito-core:jar:3.1.0:test
[INFO]    |  +- net.bytebuddy:byte-buddy:jar:1.10.8:test
[INFO]    |  +- net.bytebuddy:byte-buddy-agent:jar:1.10.8:test
[INFO]    |  \- org.objenesis:objenesis:jar:2.6:test
[INFO]    +- org.skyscreamer:jsonassert:jar:1.5.0:test
[INFO]    +- org.springframework:spring-test:jar:5.2.5.RELEASE:test
[INFO]    \- org.xmlunit:xmlunit-core:jar:2.6.4:test
[INFO] 
[INFO] ------------------< cn.chaseshu:dubbo-demo-provider >-------------------
[INFO] Building dubbo-demo-provider 1.0                                   [4/5]
[INFO] --------------------------------[ jar ]---------------------------------
[INFO] 
[INFO] --- maven-dependency-plugin:2.8:tree (default-cli) @ dubbo-demo-provider ---
[INFO] cn.chaseshu:dubbo-demo-provider:jar:1.0
[INFO] +- cn.chaseshu:dubbo-demo-interface:jar:1.0:compile
[INFO] +- org.apache.dubbo:dubbo:jar:2.7.6:compile
[INFO] |  +- com.alibaba.spring:spring-context-support:jar:1.0.6:compile
[INFO] |  +- org.javassist:javassist:jar:3.20.0-GA:compile
[INFO] |  +- io.netty:netty-all:jar:4.1.48.Final:compile
[INFO] |  +- com.google.code.gson:gson:jar:2.8.6:compile
[INFO] |  \- org.yaml:snakeyaml:jar:1.25:compile
[INFO] +- org.springframework.boot:spring-boot-autoconfigure:jar:2.2.6.RELEASE:compile
[INFO] |  \- org.springframework.boot:spring-boot:jar:2.2.6.RELEASE:compile
[INFO] |     \- org.springframework:spring-context:jar:5.2.5.RELEASE:compile
[INFO] |        +- org.springframework:spring-aop:jar:5.2.5.RELEASE:compile
[INFO] |        \- org.springframework:spring-expression:jar:5.2.5.RELEASE:compile
[INFO] +- org.springframework:spring-web:jar:5.2.5.RELEASE:compile
[INFO] |  +- org.springframework:spring-beans:jar:5.2.5.RELEASE:compile
[INFO] |  \- org.springframework:spring-core:jar:5.2.5.RELEASE:compile
[INFO] |     \- org.springframework:spring-jcl:jar:5.2.5.RELEASE:compile
[INFO] +- org.springframework.boot:spring-boot-test:jar:2.2.6.RELEASE:test
[INFO] +- junit:junit:jar:4.12:test
[INFO] |  \- org.hamcrest:hamcrest-core:jar:2.1:test
[INFO] +- org.projectlombok:lombok:jar:1.18.8:provided
[INFO] +- org.springframework.boot:spring-boot-devtools:jar:2.2.6.RELEASE:compile
[INFO] +- org.springframework.boot:spring-boot-configuration-processor:jar:2.2.6.RELEASE:compile
[INFO] \- org.springframework.boot:spring-boot-starter-test:jar:2.2.6.RELEASE:test
[INFO]    +- org.springframework.boot:spring-boot-starter:jar:2.2.6.RELEASE:test
[INFO]    |  +- org.springframework.boot:spring-boot-starter-logging:jar:2.2.6.RELEASE:test
[INFO]    |  |  +- ch.qos.logback:logback-classic:jar:1.2.3:test
[INFO]    |  |  |  \- ch.qos.logback:logback-core:jar:1.2.3:test
[INFO]    |  |  +- org.apache.logging.log4j:log4j-to-slf4j:jar:2.12.1:test
[INFO]    |  |  |  \- org.apache.logging.log4j:log4j-api:jar:2.12.1:test
[INFO]    |  |  \- org.slf4j:jul-to-slf4j:jar:1.7.30:test
[INFO]    |  \- jakarta.annotation:jakarta.annotation-api:jar:1.3.5:test
[INFO]    +- org.springframework.boot:spring-boot-test-autoconfigure:jar:2.2.6.RELEASE:test
[INFO]    +- com.jayway.jsonpath:json-path:jar:2.4.0:test
[INFO]    |  +- net.minidev:json-smart:jar:2.3:test
[INFO]    |  |  \- net.minidev:accessors-smart:jar:1.2:test
[INFO]    |  |     \- org.ow2.asm:asm:jar:5.0.4:test
[INFO]    |  \- org.slf4j:slf4j-api:jar:1.7.30:test
[INFO]    +- jakarta.xml.bind:jakarta.xml.bind-api:jar:2.3.3:test
[INFO]    |  \- jakarta.activation:jakarta.activation-api:jar:1.2.2:test
[INFO]    +- org.junit.jupiter:junit-jupiter:jar:5.5.2:test
[INFO]    |  +- org.junit.jupiter:junit-jupiter-api:jar:5.5.2:test
[INFO]    |  |  +- org.opentest4j:opentest4j:jar:1.2.0:test
[INFO]    |  |  \- org.junit.platform:junit-platform-commons:jar:1.5.2:test
[INFO]    |  +- org.junit.jupiter:junit-jupiter-params:jar:5.5.2:test
[INFO]    |  \- org.junit.jupiter:junit-jupiter-engine:jar:5.5.2:test
[INFO]    +- org.junit.vintage:junit-vintage-engine:jar:5.5.2:test
[INFO]    |  +- org.apiguardian:apiguardian-api:jar:1.1.0:test
[INFO]    |  \- org.junit.platform:junit-platform-engine:jar:1.5.2:test
[INFO]    +- org.mockito:mockito-junit-jupiter:jar:3.1.0:test
[INFO]    +- org.assertj:assertj-core:jar:3.13.2:test
[INFO]    +- org.hamcrest:hamcrest:jar:2.1:test
[INFO]    +- org.mockito:mockito-core:jar:3.1.0:test
[INFO]    |  +- net.bytebuddy:byte-buddy:jar:1.10.8:test
[INFO]    |  +- net.bytebuddy:byte-buddy-agent:jar:1.10.8:test
[INFO]    |  \- org.objenesis:objenesis:jar:2.6:test
[INFO]    +- org.skyscreamer:jsonassert:jar:1.5.0:test
[INFO]    +- org.springframework:spring-test:jar:5.2.5.RELEASE:test
[INFO]    \- org.xmlunit:xmlunit-core:jar:2.6.4:test
[INFO] 
[INFO] ------------------< cn.chaseshu:dubbo-demo-consumer >-------------------
[INFO] Building dubbo-demo-consumer 1.0                                   [5/5]
[INFO] --------------------------------[ jar ]---------------------------------
[INFO] 
[INFO] --- maven-dependency-plugin:2.8:tree (default-cli) @ dubbo-demo-consumer ---
[INFO] cn.chaseshu:dubbo-demo-consumer:jar:1.0
[INFO] +- cn.chaseshu:dubbo-demo-interface:jar:1.0:compile
[INFO] +- org.apache.dubbo:dubbo:jar:2.7.6:compile
[INFO] |  +- com.alibaba.spring:spring-context-support:jar:1.0.6:compile
[INFO] |  +- org.javassist:javassist:jar:3.20.0-GA:compile
[INFO] |  +- io.netty:netty-all:jar:4.1.48.Final:compile
[INFO] |  +- com.google.code.gson:gson:jar:2.8.6:compile
[INFO] |  \- org.yaml:snakeyaml:jar:1.25:compile
[INFO] +- org.springframework.boot:spring-boot-autoconfigure:jar:2.2.6.RELEASE:compile
[INFO] |  \- org.springframework.boot:spring-boot:jar:2.2.6.RELEASE:compile
[INFO] |     \- org.springframework:spring-context:jar:5.2.5.RELEASE:compile
[INFO] |        +- org.springframework:spring-aop:jar:5.2.5.RELEASE:compile
[INFO] |        \- org.springframework:spring-expression:jar:5.2.5.RELEASE:compile
[INFO] +- org.springframework:spring-web:jar:5.2.5.RELEASE:compile
[INFO] |  +- org.springframework:spring-beans:jar:5.2.5.RELEASE:compile
[INFO] |  \- org.springframework:spring-core:jar:5.2.5.RELEASE:compile
[INFO] |     \- org.springframework:spring-jcl:jar:5.2.5.RELEASE:compile
[INFO] +- org.springframework.boot:spring-boot-test:jar:2.2.6.RELEASE:test
[INFO] +- junit:junit:jar:4.12:test
[INFO] |  \- org.hamcrest:hamcrest-core:jar:2.1:test
[INFO] +- org.projectlombok:lombok:jar:1.18.8:provided
[INFO] +- org.springframework.boot:spring-boot-devtools:jar:2.2.6.RELEASE:compile
[INFO] +- org.springframework.boot:spring-boot-configuration-processor:jar:2.2.6.RELEASE:compile
[INFO] \- org.springframework.boot:spring-boot-starter-test:jar:2.2.6.RELEASE:test
[INFO]    +- org.springframework.boot:spring-boot-starter:jar:2.2.6.RELEASE:test
[INFO]    |  +- org.springframework.boot:spring-boot-starter-logging:jar:2.2.6.RELEASE:test
[INFO]    |  |  +- ch.qos.logback:logback-classic:jar:1.2.3:test
[INFO]    |  |  |  \- ch.qos.logback:logback-core:jar:1.2.3:test
[INFO]    |  |  +- org.apache.logging.log4j:log4j-to-slf4j:jar:2.12.1:test
[INFO]    |  |  |  \- org.apache.logging.log4j:log4j-api:jar:2.12.1:test
[INFO]    |  |  \- org.slf4j:jul-to-slf4j:jar:1.7.30:test
[INFO]    |  \- jakarta.annotation:jakarta.annotation-api:jar:1.3.5:test
[INFO]    +- org.springframework.boot:spring-boot-test-autoconfigure:jar:2.2.6.RELEASE:test
[INFO]    +- com.jayway.jsonpath:json-path:jar:2.4.0:test
[INFO]    |  +- net.minidev:json-smart:jar:2.3:test
[INFO]    |  |  \- net.minidev:accessors-smart:jar:1.2:test
[INFO]    |  |     \- org.ow2.asm:asm:jar:5.0.4:test
[INFO]    |  \- org.slf4j:slf4j-api:jar:1.7.30:test
[INFO]    +- jakarta.xml.bind:jakarta.xml.bind-api:jar:2.3.3:test
[INFO]    |  \- jakarta.activation:jakarta.activation-api:jar:1.2.2:test
[INFO]    +- org.junit.jupiter:junit-jupiter:jar:5.5.2:test
[INFO]    |  +- org.junit.jupiter:junit-jupiter-api:jar:5.5.2:test
[INFO]    |  |  +- org.opentest4j:opentest4j:jar:1.2.0:test
[INFO]    |  |  \- org.junit.platform:junit-platform-commons:jar:1.5.2:test
[INFO]    |  +- org.junit.jupiter:junit-jupiter-params:jar:5.5.2:test
[INFO]    |  \- org.junit.jupiter:junit-jupiter-engine:jar:5.5.2:test
[INFO]    +- org.junit.vintage:junit-vintage-engine:jar:5.5.2:test
[INFO]    |  +- org.apiguardian:apiguardian-api:jar:1.1.0:test
[INFO]    |  \- org.junit.platform:junit-platform-engine:jar:1.5.2:test
[INFO]    +- org.mockito:mockito-junit-jupiter:jar:3.1.0:test
[INFO]    +- org.assertj:assertj-core:jar:3.13.2:test
[INFO]    +- org.hamcrest:hamcrest:jar:2.1:test
[INFO]    +- org.mockito:mockito-core:jar:3.1.0:test
[INFO]    |  +- net.bytebuddy:byte-buddy:jar:1.10.8:test
[INFO]    |  +- net.bytebuddy:byte-buddy-agent:jar:1.10.8:test
[INFO]    |  \- org.objenesis:objenesis:jar:2.6:test
[INFO]    +- org.skyscreamer:jsonassert:jar:1.5.0:test
[INFO]    +- org.springframework:spring-test:jar:5.2.5.RELEASE:test
[INFO]    \- org.xmlunit:xmlunit-core:jar:2.6.4:test
[INFO] ------------------------------------------------------------------------
[INFO] Reactor Summary for dubbo-demo 1.0:
[INFO] 
[INFO] dubbo-demo ......................................... SUCCESS [  0.842 s]
[INFO] dubbo-demo-api ..................................... SUCCESS [  0.066 s]
[INFO] dubbo-demo-interface ............................... SUCCESS [  0.044 s]
[INFO] dubbo-demo-provider ................................ SUCCESS [  0.070 s]
[INFO] dubbo-demo-consumer ................................ SUCCESS [  0.043 s]
[INFO] ------------------------------------------------------------------------
[INFO] BUILD SUCCESS
[INFO] ------------------------------------------------------------------------
[INFO] Total time:  1.591 s
[INFO] Finished at: 2020-09-08T11:07:37+08:00
[INFO] ------------------------------------------------------------------------
